#
# There is insufficient memory for the Java Runtime Environment to continue.
# Native memory allocation (mmap) failed to map 268435456 bytes for Failed to commit area from 0x0000000701a00000 to 0x0000000711a00000 of length 268435456.
# Possible reasons:
#   The system is out of physical RAM or swap space
#   The process is running with CompressedOops enabled, and the Java Heap may be blocking the growth of the native heap
# Possible solutions:
#   Reduce memory load on the system
#   Increase physical memory or swap space
#   Check if swap backing store is full
#   Decrease Java heap size (-Xmx/-Xms)
#   Decrease number of Java threads
#   Decrease Java thread stack sizes (-Xss)
#   Set larger code cache with -XX:ReservedCodeCacheSize=
# This output file may be truncated or incomplete.
#
#  Out of Memory Error (./open/src/hotspot/os/windows/os_windows.cpp:3287), pid=26984, tid=16092
#
# JRE version:  (11.0.16+11) (build )
# Java VM: Java HotSpot(TM) 64-Bit Server VM (11.0.16+11-LTS-199, mixed mode, sharing, tiered, compressed oops, g1 gc, windows-amd64)
# No core dump will be written. Minidumps are not enabled by default on client versions of Windows
#

---------------  S U M M A R Y ------------

Command Line: org.jetbrains.kotlin.cli.jvm.K2JVMCompiler @E:\Research Source Files\elearning-mobile-new\elearning-mobile\node_modules\expo-modules-core\android\build\20221009_14191236839086960585.compiler.options

Host: Intel(R) Core(TM) i7-8550U CPU @ 1.80GHz, 8 cores, 15G,  Windows 11 , 64 bit Build 22000 (10.0.22000.708)
Time: Sun Oct  9 10:56:05 2022 Sri Lanka Standard Time elapsed time: 0.014264 seconds (0d 0h 0m 0s)

---------------  T H R E A D  ---------------

Current thread (0x000002e8ee9f4000):  JavaThread "Unknown thread" [_thread_in_vm, id=16092, stack(0x000000ea70500000,0x000000ea70600000)]

Stack: [0x000000ea70500000,0x000000ea70600000]
Native frames: (J=compiled Java code, j=interpreted, Vv=VM code, C=native code)
V  [jvm.dll+0x62a3ea]
V  [jvm.dll+0x76418f]
V  [jvm.dll+0x765839]
V  [jvm.dll+0x765ec3]
V  [jvm.dll+0x23da98]
V  [jvm.dll+0x62770a]
V  [jvm.dll+0x61c475]
V  [jvm.dll+0x2f2aac]
V  [jvm.dll+0x2f2932]
V  [jvm.dll+0x2f7656]
V  [jvm.dll+0x33a1cf]
V  [jvm.dll+0x339c00]
V  [jvm.dll+0x2d00c8]
V  [jvm.dll+0x2d1236]
V  [jvm.dll+0x73e757]
V  [jvm.dll+0x73ffef]
V  [jvm.dll+0x346ef9]
V  [jvm.dll+0x723f90]
V  [jvm.dll+0x3b5adf]
V  [jvm.dll+0x3b7bf1]
C  [jli.dll+0x5207]
C  [ucrtbase.dll+0x26c0c]
C  [KERNEL32.DLL+0x154e0]
C  [ntdll.dll+0x485b]


---------------  P R O C E S S  ---------------

Threads class SMR info:
_java_thread_list=0x000002e8ec7e9790, length=0, elements={
}

Java Threads: ( => current thread )

Other Threads:
  0x000002e8eea08000 GCTaskThread "GC Thread#0" [stack: 0x000000ea70600000,0x000000ea70700000] [id=29180]
  0x000002e8eea63800 ConcurrentGCThread "G1 Main Marker" [stack: 0x000000ea70700000,0x000000ea70800000] [id=26968]
  0x000002e8eea65800 ConcurrentGCThread "G1 Conc#0" [stack: 0x000000ea70800000,0x000000ea70900000] [id=19876]

[error occurred during error reporting (printing all threads), id 0xc0000005, EXCEPTION_ACCESS_VIOLATION (0xc0000005) at pc=0x00007ffa8d04f357]

VM state:not at safepoint (not fully initialized)

VM Mutex/Monitor currently owned by a thread:  ([mutex/lock_event])
[0x000002e8ee9ef8f0] Heap_lock - owner thread: 0x000002e8ee9f4000

Heap address: 0x0000000701a00000, size: 4070 MB, Compressed Oops mode: Non-zero based: 0x0000000701a00000
Narrow klass base: 0x0000000000000000, Narrow klass shift: 0

GC Heap History (0 events):
No events

Deoptimization events (0 events):
No events

Classes redefined (0 events):
No events

Internal exceptions (0 events):
No events

Events (0 events):
No events


Dynamic libraries:
0x00007ff6d8260000 - 0x00007ff6d826f000 	C:\Program Files\Java\jdk-11.0.16\bin\java.exe
0x00007ffb44580000 - 0x00007ffb44789000 	C:\WINDOWS\SYSTEM32\ntdll.dll
0x00007ffb43950000 - 0x00007ffb43a0d000 	C:\WINDOWS\System32\KERNEL32.DLL
0x00007ffb41d60000 - 0x00007ffb420dc000 	C:\WINDOWS\System32\KERNELBASE.dll
0x00007ffb41a30000 - 0x00007ffb41b41000 	C:\WINDOWS\System32\ucrtbase.dll
0x00007ffaf0e40000 - 0x00007ffaf0e55000 	C:\Program Files\Java\jdk-11.0.16\bin\VCRUNTIME140.dll
0x00007ffaf0e60000 - 0x00007ffaf0e78000 	C:\Program Files\Java\jdk-11.0.16\bin\jli.dll
0x00007ffb42950000 - 0x00007ffb429fe000 	C:\WINDOWS\System32\ADVAPI32.dll
0x00007ffb43780000 - 0x00007ffb43823000 	C:\WINDOWS\System32\msvcrt.dll
0x00007ffb43ed0000 - 0x00007ffb43f6e000 	C:\WINDOWS\System32\sechost.dll
0x00007ffb43f80000 - 0x00007ffb440a0000 	C:\WINDOWS\System32\RPCRT4.dll
0x00007ffb42420000 - 0x00007ffb425cd000 	C:\WINDOWS\System32\USER32.dll
0x00007ffb420e0000 - 0x00007ffb42106000 	C:\WINDOWS\System32\win32u.dll
0x00007ffb23250000 - 0x00007ffb234f5000 	C:\WINDOWS\WinSxS\amd64_microsoft.windows.common-controls_6595b64144ccf1df_6.0.22000.120_none_9d947278b86cc467\COMCTL32.dll
0x00007ffb43d60000 - 0x00007ffb43d89000 	C:\WINDOWS\System32\GDI32.dll
0x00007ffb42110000 - 0x00007ffb42229000 	C:\WINDOWS\System32\gdi32full.dll
0x00007ffb41cc0000 - 0x00007ffb41d5d000 	C:\WINDOWS\System32\msvcp_win.dll
0x00007ffb40890000 - 0x00007ffb4089a000 	C:\WINDOWS\SYSTEM32\VERSION.dll
0x00007ffb423e0000 - 0x00007ffb42411000 	C:\WINDOWS\System32\IMM32.DLL
0x00007ffae9640000 - 0x00007ffae96db000 	C:\Program Files\Java\jdk-11.0.16\bin\msvcp140.dll
0x00007ffa8cd70000 - 0x00007ffa8d888000 	C:\Program Files\Java\jdk-11.0.16\bin\server\jvm.dll
0x00007ffb43d20000 - 0x00007ffb43d28000 	C:\WINDOWS\System32\PSAPI.DLL
0x00007ffb148f0000 - 0x00007ffb148f9000 	C:\WINDOWS\SYSTEM32\WSOCK32.dll
0x00007ffb37ae0000 - 0x00007ffb37b13000 	C:\WINDOWS\SYSTEM32\WINMM.dll
0x00007ffb43a10000 - 0x00007ffb43a7f000 	C:\WINDOWS\System32\WS2_32.dll
0x00007ffb40bd0000 - 0x00007ffb40be8000 	C:\WINDOWS\SYSTEM32\kernel.appcore.dll
0x00007ffb38120000 - 0x00007ffb38130000 	C:\Program Files\Java\jdk-11.0.16\bin\verify.dll
0x00007ffb3f640000 - 0x00007ffb3f861000 	C:\WINDOWS\SYSTEM32\DBGHELP.DLL
0x00007ffb26620000 - 0x00007ffb26651000 	C:\WINDOWS\SYSTEM32\dbgcore.DLL
0x00007ffb422a0000 - 0x00007ffb4231f000 	C:\WINDOWS\System32\bcryptPrimitives.dll
0x00007ffaf0e10000 - 0x00007ffaf0e38000 	C:\Program Files\Java\jdk-11.0.16\bin\java.dll
0x00007ffb37c60000 - 0x00007ffb37c6a000 	C:\Program Files\Java\jdk-11.0.16\bin\jimage.dll
0x00007ffaf0df0000 - 0x00007ffaf0e06000 	C:\Program Files\Java\jdk-11.0.16\bin\zip.dll

dbghelp: loaded successfully - version: 4.0.5 - missing functions: none
symbol engine: initialized successfully - sym options: 0x614 - pdb path: .;C:\Program Files\Java\jdk-11.0.16\bin;C:\WINDOWS\SYSTEM32;C:\WINDOWS\WinSxS\amd64_microsoft.windows.common-controls_6595b64144ccf1df_6.0.22000.120_none_9d947278b86cc467;C:\Program Files\Java\jdk-11.0.16\bin\server

VM Arguments:
java_command: org.jetbrains.kotlin.cli.jvm.K2JVMCompiler @E:\Research Source Files\elearning-mobile-new\elearning-mobile\node_modules\expo-modules-core\android\build\20221009_14191236839086960585.compiler.options
java_class_path (initial): C:\Users\Mohammed Rishard\.gradle\caches\modules-2\files-2.1\org.jetbrains.kotlin\kotlin-compiler-embeddable\1.4.21\87db94500aaf883536ae8c8efdee76bdc839d582\kotlin-compiler-embeddable-1.4.21.jar;C:\Users\Mohammed Rishard\.gradle\caches\modules-2\files-2.1\org.jetbrains.kotlin\kotlin-reflect\1.4.21\748f681f4e3edbe9285ff46710c79049c70f4dfa\kotlin-reflect-1.4.21.jar;C:\Users\Mohammed Rishard\.gradle\caches\modules-2\files-2.1\org.jetbrains.kotlin\kotlin-stdlib\1.4.21\4a668382d7c38688d3490afde93b6a113ed46698\kotlin-stdlib-1.4.21.jar;C:\Users\Mohammed Rishard\.gradle\caches\modules-2\files-2.1\org.jetbrains.kotlin\kotlin-script-runtime\1.4.21\1247decba314790165b4fe94d09c45b09db6b07f\kotlin-script-runtime-1.4.21.jar;C:\Users\Mohammed Rishard\.gradle\caches\modules-2\files-2.1\org.jetbrains.kotlin\kotlin-daemon-embeddable\1.4.21\bc95bcebdc871d45d9852b0c01abe9bec373bb52\kotlin-daemon-embeddable-1.4.21.jar;C:\Users\Mohammed Rishard\.gradle\caches\modules-2\files-2.1\org.jetbrains.intellij.deps\trove4j\1.0.20181211\216c2e14b070f334479d800987affe4054cd563f\trove4j-1.0.20181211.jar;C:\Users\Mohammed Rishard\.gradle\caches\modules-2\files-2.1\org.jetbrains.kotlin\kotlin-stdlib-common\1.4.21\7f48a062aa4b53215998780f7c245a4276828e1d\kotlin-stdlib-common-1.4.21.jar;C:\Users\Mohammed Rishard\.gradle\caches\modules-2\files-2.1\org.jetbrains\annotations\13.0\919f0dfe192fb4e063e7dacadee7f8bb9a2672a9\annotations-13.0.jar
Launcher Type: SUN_STANDARD

[Global flags]
     intx CICompilerCount                          = 4                                         {product} {ergonomic}
     uint ConcGCThreads                            = 2                                         {product} {ergonomic}
     uint G1ConcRefinementThreads                  = 8                                         {product} {ergonomic}
   size_t G1HeapRegionSize                         = 1048576                                   {product} {ergonomic}
    uintx GCDrainStackTargetSize                   = 64                                        {product} {ergonomic}
   size_t InitialHeapSize                          = 268435456                                 {product} {ergonomic}
   size_t MarkStackSize                            = 4194304                                   {product} {ergonomic}
   size_t MaxHeapSize                              = 4267704320                                {product} {ergonomic}
   size_t MinHeapDeltaBytes                        = 1048576                                   {product} {ergonomic}
    uintx NonNMethodCodeHeapSize                   = 5836300                                {pd product} {ergonomic}
    uintx NonProfiledCodeHeapSize                  = 122910970                              {pd product} {ergonomic}
    uintx ProfiledCodeHeapSize                     = 122910970                              {pd product} {ergonomic}
    uintx ReservedCodeCacheSize                    = 251658240                              {pd product} {ergonomic}
     bool SegmentedCodeCache                       = true                                      {product} {ergonomic}
     bool UseCompressedClassPointers               = true                                 {lp64_product} {ergonomic}
     bool UseCompressedOops                        = true                                 {lp64_product} {ergonomic}
     bool UseG1GC                                  = true                                      {product} {ergonomic}
     bool UseLargePagesIndividualAllocation        = false                                  {pd product} {ergonomic}

Logging:
Log output configuration:
 #0: stdout all=warning uptime,level,tags
 #1: stderr all=off uptime,level,tags

Environment Variables:
CLASSPATH=E:\Research Source Files\elearning-mobile-new\elearning-mobile\android\\gradle\wrapper\gradle-wrapper.jar
PATH=C:\Program Files\Git\mingw64\bin;C:\Program Files\Git\usr\bin;C:\Users\Mohammed Rishard\bin;C:\Program Files\Common Files\Oracle\Java\javapath;C:\telepresence;C:\Program Files\SSHFS-Win\bin;E:\oracledb\dbhomeXE\bin;C:\Program Files (x86)\Common Files\Oracle\Java\javapath;C:\Program Files (x86)\Common Files\Intel\Shared Libraries\redist\intel64\compiler;C:\Windows\system32;C:\Windows;C:\Windows\System32\Wbem;C:\Windows\System32\WindowsPowerShell\v1.0;C:\Windows\System32\OpenSSH;C:\Program Files (x86)\NVIDIA Corporation\PhysX\Common;C:\Program Files\NVIDIA Corporation\NVIDIA NvDLISR;C:\Program Files (x86)\QuickTime\QTSystem;C:\Users\Mohammed Rishard\.dnx\bin;C:\Program Files\Microsoft DNX\Dnvm;C:\Program Files\Microsoft SQL Server\120\Tools\Binn;C:\Program Files\Microsoft SQL Server\130\Tools\Binn;C:\Program Files (x86)\Windows Kits\8.1\Windows Performance Toolkit;C:\Program Files (x86)\Microsoft SQL Server\100\Tools\Binn;C:\Program Files\Microsoft SQL Server\100\Tools\Binn;C:\Program Files\Microsoft SQL Server\100\DTS\Binn;C:\Program Files\Microsoft SQL Server\110\DTS\Binn;C:\Program Files (x86)\Microsoft SQL Server\110\Tools\Binn;C:\Program Files\Microsoft SQL Server\110\Tools\Binn;C:\Program Files (x86)\Microsoft SQL Server\110\Tools\Binn\ManagementStudio;C:\Program Files (x86)\Microsoft Visual Studio 10.0\Common7\IDE\PrivateAssemblies;C:\Program Files (x86)\Microsoft SQL Server\110\DTS\Binn;C:\WINDOWS\system32;C:\WINDOWS;C:\WINDOWS\System32\Wbem;C:\WINDOWS\System32\WindowsPowerShell\v1.0;C:\WINDOWS\System32\OpenSSH;F:\Brackets\command;C:\Program Files\Intel\WiFi\bin;C:\Program Files\Common Files\Intel\WirelessCommon;C:\Program Files\Git\cmd;C:\xampp\php;C:\ProgramData\ComposerSetup\bin;C:\Program Files\WSO2\Enterprise Integrator\6.6.0\bin;C:\Program Files\Go\bin;C:\Program Files (x86)\Intel\Intel(R) Management Engine Components\DAL;C:\Program Files\Intel\Intel(R) Management Engine Components\DAL;C:\Program Files\Amazon\AWSCLI\bin;C:\ProgramData\chocolatey\bin;C:
USERNAME=Mohammed Rishard
OS=Windows_NT
PROCESSOR_IDENTIFIER=Intel64 Family 6 Model 142 Stepping 10, GenuineIntel



---------------  S Y S T E M  ---------------

OS: Windows 11 , 64 bit Build 22000 (10.0.22000.708)
Hyper-V role detected

CPU:total 8 (initial active 8) (4 cores per cpu, 2 threads per core) family 6 model 142 stepping 10 microcode 0xea, cmov, cx8, fxsr, mmx, sse, sse2, sse3, ssse3, sse4.1, sse4.2, popcnt, avx, avx2, aes, clmul, erms, 3dnowpref, lzcnt, ht, tsc, tscinvbit, bmi1, bmi2, adx, fma

Memory: 4k page, system-wide physical 16275M (2541M free)
TotalPageFile size 19922M (AvailPageFile size 165M)
current process WorkingSet (physical memory assigned to process): 10M, peak: 10M
current process commit charge ("private bytes"): 60M, peak: 316M

vm_info: Java HotSpot(TM) 64-Bit Server VM (11.0.16+11-LTS-199) for windows-amd64 JRE (11.0.16+11-LTS-199), built on Jun 28 2022 08:23:17 by "mach5one" with MS VC++ 15.9 (VS2017)

END.
